[14/Feb/2020:08:02:18] (ℹ️): WordPress Instance Info:
[14/Feb/2020:08:02:18] (ℹ️): Home URL : https://liv2ra.dk
[14/Feb/2020:08:02:18] (ℹ️): Site URL : https://liv2ra.dk
[14/Feb/2020:08:02:18] (ℹ️): WordPress Version : 5.3.2
[14/Feb/2020:08:02:18] (ℹ️): Onboarding Version : 1.8.2
[14/Feb/2020:08:02:18] (ℹ️): Multisite : No
[14/Feb/2020:08:02:18] (ℹ️): Server Info : Apache
[14/Feb/2020:08:02:18] (ℹ️): PHP Version : 7.3.14
[14/Feb/2020:08:02:18] (ℹ️): HTTPS : Yes
[14/Feb/2020:08:02:18] (ℹ️): PHP Max Execution Time : 50
[14/Feb/2020:08:02:18] (ℹ️): PHP Max Input Vars : 5000
[14/Feb/2020:08:02:18] (ℹ️): Max Upload Size : 100663296
[14/Feb/2020:08:02:18] (ℹ️): Plugins:
[14/Feb/2020:08:02:18] (ℹ️): [PLUGIN] AMP : v1.4.3 (AMP Project Contributors)
[14/Feb/2020:08:02:18] (ℹ️): [PLUGIN] Elementor : v2.8.5 (Elementor.com)
[14/Feb/2020:08:02:18] (ℹ️): [PLUGIN] Image optimization service by Optimole : v2.2.8 (Optimole)
[14/Feb/2020:08:02:18] (ℹ️): [PLUGIN] Gutenberg Blocks and Template Library by Otter : v1.3.3 (ThemeIsle)
[14/Feb/2020:08:02:18] (ℹ️): [PLUGIN] Really Simple SSL : v3.2.9 (Rogier Lankhorst, Mark Wolters)
[14/Feb/2020:08:02:18] (ℹ️): [PLUGIN] Orbit Fox Companion : v2.9.2 (Themeisle)
[14/Feb/2020:08:02:18] (ℹ️): [PLUGIN] TranslatePress - Multilingual : v1.6.6 (Cozmoslabs, Razvan Mocanu, Madalin Ungureanu, Cristophor Hurduban)
[14/Feb/2020:08:02:18] (ℹ️): [PLUGIN] Visualizer: Tables and Charts for WordPress : v3.4.0 (Themeisle)
[14/Feb/2020:08:02:18] (ℹ️): [PLUGIN] Weglot Translate : v3.1.6 (Weglot Translate team)
[14/Feb/2020:08:02:18] (ℹ️): [PLUGIN] Yoast SEO : v13.0 (Team Yoast)
[14/Feb/2020:08:02:18] (ℹ️): [PLUGIN] WP Product Review Lite : v3.7.2 (ThemeIsle)
[14/Feb/2020:08:02:18] (ℹ️): [PLUGIN] WPForms Lite : v1.5.8.2 (WPForms)
